<?xml version="1.0" encoding="UTF-8"?>
<!-- Generated by org.testng.reporters.JUnitReportReporter -->
<testsuite hostname="s-MacBook-Air" failures="0" tests="1" name="testcase" time="220.767" errors="0" timestamp="2020-06-22T23:02:50 AEST" skipped="0">
  <testcase classname="testcase" name="test" time="220.767"/>
  <system-out/>
</testsuite> <!-- testcase -->
