<?xml version="1.0" encoding="UTF-8"?>
<!-- Generated by org.testng.reporters.JUnitReportReporter -->
<testsuite hostname="s-MacBook-Air" failures="0" tests="2" name="testCase.contactUs" time="157.168" errors="0" timestamp="2020-06-23T16:46:37 AEST" skipped="0">
  <testcase classname="testCase.contactUs" name="navigeteToContactUsPage" time="102.564"/>
  <system-out/>
  <testcase classname="testCase.contactUs" name="setTextInContactUs" time="54.604"/>
  <system-out/>
</testsuite> <!-- testCase.contactUs -->
