<?xml version="1.0" encoding="UTF-8"?>
<!-- Generated by org.testng.reporters.JUnitReportReporter -->
<testsuite hostname="s-MacBook-Air" failures="0" tests="2" name="testCase.ContactUsFieldIn" time="155.786" errors="0" timestamp="2020-06-23T18:46:56 AEST" skipped="0">
  <testcase classname="testCase.ContactUsFieldIn" name="navigeteToContactUsPage" time="140.354"/>
  <system-out/>
  <testcase classname="testCase.ContactUsFieldIn" name="setTextInContactUs" time="15.432"/>
  <system-out/>
</testsuite> <!-- testCase.ContactUsFieldIn -->
