<?xml version="1.0" encoding="UTF-8"?>
<!-- Generated by org.testng.reporters.JUnitReportReporter -->
<testsuite hostname="s-MacBook-Air" failures="0" tests="1" name="testCase.ContactFieldTest" time="10.922" errors="0" timestamp="2020-06-24T00:28:34 AEST" skipped="0">
  <testcase classname="testCase.ContactFieldTest" name="setTextInContactUs" time="10.922"/>
  <system-out/>
</testsuite> <!-- testCase.ContactFieldTest -->
